<?xml version="1.0" encoding="UTF-8"?>
<!-- Generated by org.testng.reporters.JUnitReportReporter -->
<testsuite hostname="dellinspiron" failures="0" tests="3" name="Testngmyprograms.exectcuponanno" time="0.026" errors="0" timestamp="2023-06-14T20:34:32 IST" skipped="0">
  <testcase classname="Testngmyprograms.exectcuponanno" name="testCase02" time="0.009"/>
  <testcase classname="Testngmyprograms.exectcuponanno" name="testCase01" time="0.013"/>
  <testcase classname="Testngmyprograms.exectcuponanno" name="testCase03" time="0.004"/>
</testsuite> <!-- Testngmyprograms.exectcuponanno -->
