<?xml version="1.0" encoding="UTF-8"?>
<!-- Generated by org.testng.reporters.JUnitReportReporter -->
<testsuite hostname="dellinspiron" failures="0" tests="1" name="Testngmyprograms.changingprioti" time="0.023" errors="0" timestamp="2023-06-14T21:01:32 IST" skipped="0">
  <testcase classname="Testngmyprograms.changingprioti" name="testCase01" time="0.023"/>
</testsuite> <!-- Testngmyprograms.changingprioti -->
