<?xml version="1.0" encoding="UTF-8"?>
<!-- Generated by org.testng.reporters.JUnitReportReporter -->
<testsuite hostname="dellinspiron" failures="0" tests="2" name="Testngmyprograms.controlusingenable" time="0.002" errors="0" timestamp="2023-06-14T21:01:32 IST" skipped="1">
  <testcase classname="Testngmyprograms.controlusingenable" name="testCase04" time="0.002"/>
  <testcase classname="Testngmyprograms.controlusingenable" name="testCase06">
    <skipped/>
  </testcase> <!-- testCase06 -->
</testsuite> <!-- Testngmyprograms.controlusingenable -->
