<?xml version="1.0" encoding="UTF-8"?>
<!-- Generated by org.testng.reporters.JUnitReportReporter -->
<testsuite hostname="dellinspiron" failures="0" tests="1" name="TestingsiteusingNG.Parametersthroughxml" time="29.778" errors="0" timestamp="2023-06-15T20:42:03 IST" skipped="0">
  <testcase classname="TestingsiteusingNG.Parametersthroughxml" name="logInTestCase" time="29.778"/>
</testsuite> <!-- TestingsiteusingNG.Parametersthroughxml -->
