<?xml version="1.0" encoding="UTF-8"?>
<!-- Generated by org.testng.reporters.JUnitReportReporter -->
<testsuite hostname="dellinspiron" failures="0" tests="2" name="TestingsiteusingNG.gmailtesting" time="159.625" errors="0" timestamp="2023-06-15T20:19:29 IST" skipped="0">
  <testcase classname="TestingsiteusingNG.gmailtesting" name="logInTestCase" time="65.355"/>
  <testcase classname="TestingsiteusingNG.gmailtesting" name="logInTestCase" time="94.270"/>
</testsuite> <!-- TestingsiteusingNG.gmailtesting -->
